2023-05-24 14:48:25 INFO: Successfully added device
2023-05-24 14:48:25 INFO: Successfully added device
2023-05-24 17:01:45 INFO: Successfully initialized device_status_table.
2023-05-24 17:01:45 INFO: Successfully initialized device_request_queue.
2023-05-24 17:01:45 INFO: Successfully initialized device:1 keyboard.
2023-05-24 17:01:45 INFO: Successfully added device:1 keyboard.
2023-05-24 17:01:45 INFO: Successfully initialized device:2 printer.
2023-05-24 17:01:45 INFO: Successfully added device:2 printer.
2023-05-24 17:01:46 INFO: Successfully viewed devices.
2023-05-24 17:01:46 INFO: Successfully deleted device:1 disk.
2023-05-24 17:01:46 INFO: Successfully viewed devices.
2023-05-24 17:19:04 INFO: Successfully initialized device_status_table.
2023-05-24 17:19:04 INFO: Successfully initialized device_request_queue.
2023-05-24 17:19:04 INFO: Successfully initialized device:1 keyboard.
2023-05-24 17:19:04 INFO: Successfully added device:1 keyboard.
2023-05-24 17:19:04 INFO: Successfully initialized device:2 printer.
2023-05-24 17:19:04 INFO: Successfully added device:2 printer.
2023-05-24 17:19:04 INFO: Successfully viewed devices.
2023-05-24 17:19:04 INFO: Successfully deleted device:1 disk.
2023-05-24 17:19:04 INFO: Successfully viewed devices.
2023-05-24 17:22:10 INFO: Successfully initialized device_status_table.
2023-05-24 17:22:10 INFO: Successfully initialized device_request_queue.
2023-05-24 17:22:10 INFO: Successfully initialized device:1 keyboard.
2023-05-24 17:22:10 INFO: Successfully added device:1 keyboard.
2023-05-24 17:22:10 INFO: Successfully initialized device:2 printer.
2023-05-24 17:22:10 INFO: Successfully added device:2 printer.
2023-05-24 17:22:10 INFO: Successfully viewed devices.
2023-05-24 17:22:10 INFO: Successfully deleted device:1 disk.
2023-05-24 17:22:10 INFO: Successfully viewed devices.
2023-05-24 17:22:10 INFO: Successfully added device request to queue: 2 printer.
2023-05-24 17:24:03 INFO: Successfully initialized device_status_table.
2023-05-24 17:24:03 INFO: Successfully initialized device_request_queue.
2023-05-24 17:24:03 INFO: Successfully initialized device:1 keyboard.
2023-05-24 17:24:03 INFO: Successfully added device:1 keyboard.
2023-05-24 17:24:03 INFO: Successfully initialized device:2 printer.
2023-05-24 17:24:03 INFO: Successfully added device:2 printer.
2023-05-24 17:24:03 INFO: Successfully viewed devices.
2023-05-24 17:24:03 INFO: Successfully deleted device:1 disk.
2023-05-24 17:24:03 INFO: Successfully viewed devices.
2023-05-24 17:24:03 INFO: Successfully added device request to queue: 2 printer.
2023-05-24 17:26:21 INFO: Successfully initialized device_status_table.
2023-05-24 17:26:21 INFO: Successfully initialized device_request_queue.
2023-05-24 17:26:21 INFO: Successfully initialized device:1 keyboard.
2023-05-24 17:26:21 INFO: Successfully added device:1 keyboard.
2023-05-24 17:26:21 INFO: Successfully initialized device:2 printer.
2023-05-24 17:26:21 INFO: Successfully added device:2 printer.
2023-05-24 17:26:21 INFO: Successfully viewed devices.
2023-05-24 17:26:21 INFO: Successfully deleted device:1 disk.
2023-05-24 17:26:21 INFO: Successfully viewed devices.
2023-05-24 17:27:15 INFO: Successfully initialized device_status_table.
2023-05-24 17:27:15 INFO: Successfully initialized device_request_queue.
2023-05-24 17:27:15 INFO: Successfully initialized device:1 keyboard.
2023-05-24 17:27:15 INFO: Successfully added device:1 keyboard.
2023-05-24 17:27:15 INFO: Successfully initialized device:2 printer.
2023-05-24 17:27:15 INFO: Successfully added device:2 printer.
2023-05-24 17:27:15 INFO: Successfully viewed devices.
2023-05-24 17:27:15 INFO: Successfully deleted device:1 disk.
2023-05-24 17:27:15 INFO: Successfully viewed devices.
2023-05-24 17:27:25 INFO: Successfully initialized device_status_table.
2023-05-24 17:27:25 INFO: Successfully initialized device_request_queue.
2023-05-24 17:27:25 INFO: Successfully initialized device:1 keyboard.
2023-05-24 17:27:25 INFO: Successfully added device:1 keyboard.
2023-05-24 17:27:25 INFO: Successfully initialized device:2 printer.
2023-05-24 17:27:25 INFO: Successfully added device:2 printer.
2023-05-24 17:27:25 INFO: Successfully viewed devices.
2023-05-24 17:27:25 INFO: Successfully deleted device:1 disk.
2023-05-24 17:27:25 INFO: Successfully viewed devices.
